[17:43:18] [ServerMain/INFO]: Environment: Environment[sessionHost=https://sessionserver.mojang.com, servicesHost=https://api.minecraftservices.com, name=PROD]
[17:43:18] [ServerMain/INFO]: Found new data pack file/bukkit, loading it automatically
[17:43:19] [ServerMain/INFO]: No existing world data, creating new world
[17:43:20] [ServerMain/INFO]: Loaded 1174 recipes
[17:43:21] [ServerMain/INFO]: Loaded 1271 advancements
[17:43:21] [Server thread/INFO]: Starting minecraft server version 1.20.4
[17:43:21] [Server thread/WARN]: ****************************
[17:43:21] [Server thread/WARN]: YOU ARE RUNNING THIS SERVER AS AN ADMINISTRATIVE OR ROOT USER. THIS IS NOT ADVISED.
[17:43:21] [Server thread/WARN]: YOU ARE OPENING YOURSELF UP TO POTENTIAL RISKS WHEN DOING THIS.
[17:43:21] [Server thread/WARN]: FOR MORE INFORMATION, SEE https://madelinemiller.dev/blog/root-minecraft-server/
[17:43:21] [Server thread/WARN]: ****************************
[17:43:21] [Server thread/INFO]: Loading properties
[17:43:21] [Server thread/INFO]: This server is running LightingLuminol version git-Luminol-"5dc57c8" (MC: 1.20.4) (Implementing API version 1.20.4-R0.1-SNAPSHOT) (Git: 5dc57c8 on ver/1.20.4)
[17:43:22] [Server thread/INFO]: Server Ping Player Sample Count: 12
[17:43:22] [Server thread/INFO]: Using 4 threads for Netty based IO
[17:43:23] [Server thread/WARN]: [!] The timings system cannot be enabled on Folia, and has been scheduled for removal from Paper in the future.
    We recommend installing the spark profiler as a replacement: https://spark.lucko.me/
    For more information please visit: https://github.com/PaperMC/Paper/issues/8948
[17:43:23] [Server thread/INFO]: [ChunkTaskScheduler] Chunk system is using 1 I/O threads, 4 worker threads, and gen parallelism of 4 threads
[17:43:23] [Server thread/INFO]: [io.papermc.paper.threadedregions.TickRegions] Regionised ticking is enabled with 2 tick threads
[17:43:23] [Server thread/INFO]: Default game type: SURVIVAL
[17:43:23] [Server thread/INFO]: Generating keypair
[17:43:23] [Server thread/INFO]: Starting Minecraft server on *:25565
[17:43:23] [Server thread/INFO]: Using default channel type
[17:43:23] [Server thread/INFO]: Paper: Using Java compression from Velocity.
[17:43:23] [Server thread/INFO]: Paper: Using Java cipher from Velocity.
[17:43:24] [Server thread/INFO]: [Portal] Loading server plugin Portal v1.0.0
[17:43:24] [Server thread/INFO]: [gun_bot] Loading server plugin gun_bot v1.0.0
[17:43:24] [Server thread/INFO]: [captcha] Loading server plugin captcha v1.0.0
[17:43:24] [Server thread/INFO]: Server permissions file permissions.yml is empty, ignoring it
[17:43:24] [Server thread/WARN]: **** SERVER IS RUNNING IN OFFLINE/INSECURE MODE!
[17:43:24] [Server thread/WARN]: The server will make no attempt to authenticate usernames. Beware.
[17:43:24] [Server thread/WARN]: While this makes the game possible to play without internet access, it also opens up the ability for hackers to connect with any username they choose.
[17:43:24] [Server thread/WARN]: To change this, set "online-mode" to "true" in the server.properties file.
[17:43:24] [Server thread/INFO]: Preparing level "world"
[17:43:24] [Server thread/INFO]: Preparing start region for dimension minecraft:overworld
[17:43:24] [Server thread/INFO]: Time elapsed: 16 ms
[17:43:24] [Server thread/INFO]: Preparing start region for dimension minecraft:the_nether
[17:43:25] [Server thread/INFO]: Time elapsed: 4 ms
[17:43:25] [Server thread/INFO]: Preparing start region for dimension minecraft:the_end
[17:43:25] [Server thread/INFO]: Time elapsed: 3 ms
[17:43:25] [Server thread/INFO]: [Portal] Enabling Portal v1.0.0
[17:43:25] [Server thread/INFO]: [Portal] Portal 加载完毕
[17:43:25] [Server thread/INFO]: [gun_bot] Enabling gun_bot v1.0.0
[17:43:25] [Server thread/INFO]: [gun_bot] gun_bot 加载完毕
[17:43:25] [Server thread/INFO]: [captcha] Enabling captcha v1.0.0
[17:43:25] [Server thread/INFO]: [captcha] 检测到gun_bot插件，将在攻击时进行验证
[17:43:25] [Server thread/INFO]: [captcha] captcha 加载完毕
[17:43:25] [Server thread/INFO]: Done (3.976s)! For help, type "help"
[17:43:25] [Region Scheduler Thread #1/INFO]: Initialising world 'world' before it can be ticked...
[17:43:25] [Region Scheduler Thread #0/INFO]: Initialising world 'world_nether' before it can be ticked...
[17:43:27] [Region Scheduler Thread #0/INFO]: Initialised world 'world_nether'
[17:43:27] [Region Scheduler Thread #0/INFO]: Timings Reset
[17:43:27] [Region Scheduler Thread #0/INFO]: Initialising world 'world_the_end' before it can be ticked...
[17:43:27] [Region Scheduler Thread #0/INFO]: Initialised world 'world_the_end'
[17:43:27] [Region Scheduler Thread #1/INFO]: Initialised world 'world'
[17:43:58] [User Authenticator #0/INFO]: UUID of player cxkcxkckx is 7218bba2-3ebe-3936-8e52-43506e686b33
[17:43:59] [Region Scheduler Thread #1/INFO]: cxkcxkckx joined the game
[17:43:59] [Region Scheduler Thread #1/INFO]: cxkcxkckx[/127.0.0.1:15013] logged in with entity id 216 at ([world]177.68724449884485, 68.36819527715333, -12.570403661669552)
[17:44:05] [Region Scheduler Thread #1/INFO]: [Portal] [DEBUG] 玩家 cxkcxkckx 使用打火石点击了方块: OBSIDIAN 位置: 172, 64, -11
[17:44:05] [Region Scheduler Thread #1/INFO]: [Portal] [DEBUG] 检测到有效的框架方块
[17:44:05] [Region Scheduler Thread #1/INFO]: [Portal] [DEBUG] 开始检查框架完整性，起始位置: 172, 64, -11
[17:44:05] [Region Scheduler Thread #1/INFO]: [Portal] [DEBUG] 发现新的框架方块: 172, 64, -12
[17:44:05] [Region Scheduler Thread #1/INFO]: [Portal] [DEBUG] 发现新的框架方块: 172, 64, -10
[17:44:05] [Region Scheduler Thread #1/INFO]: [Portal] [DEBUG] 发现新的框架方块: 172, 64, -9
[17:44:05] [Region Scheduler Thread #1/INFO]: [Portal] [DEBUG] 发现新的框架方块: 172, 65, -9
[17:44:05] [Region Scheduler Thread #1/INFO]: [Portal] [DEBUG] 发现新的框架方块: 172, 66, -9
[17:44:05] [Region Scheduler Thread #1/INFO]: [Portal] [DEBUG] 发现新的框架方块: 172, 67, -9
[17:44:05] [Region Scheduler Thread #1/INFO]: [Portal] [DEBUG] 发现新的框架方块: 172, 68, -9
[17:44:05] [Region Scheduler Thread #1/INFO]: [Portal] [DEBUG] 发现新的框架方块: 172, 69, -9
[17:44:05] [Region Scheduler Thread #1/INFO]: [Portal] [DEBUG] 发现新的框架方块: 172, 69, -10
[17:44:05] [Region Scheduler Thread #1/INFO]: [Portal] [DEBUG] 发现新的框架方块: 172, 70, -10
[17:44:05] [Region Scheduler Thread #1/INFO]: [Portal] [DEBUG] 发现新的框架方块: 172, 70, -11
[17:44:05] [Region Scheduler Thread #1/INFO]: [Portal] [DEBUG] 发现新的框架方块: 172, 70, -12
[17:44:05] [Region Scheduler Thread #1/INFO]: [Portal] [DEBUG] 发现新的框架方块: 172, 69, -12
[17:44:05] [Region Scheduler Thread #1/INFO]: [Portal] [DEBUG] 发现新的框架方块: 172, 69, -13
[17:44:05] [Region Scheduler Thread #1/INFO]: [Portal] [DEBUG] 发现新的框架方块: 172, 68, -13
[17:44:05] [Region Scheduler Thread #1/INFO]: [Portal] [DEBUG] 发现新的框架方块: 172, 67, -13
[17:44:05] [Region Scheduler Thread #1/INFO]: [Portal] [DEBUG] 发现新的框架方块: 172, 66, -13
[17:44:05] [Region Scheduler Thread #1/INFO]: [Portal] [DEBUG] 发现新的框架方块: 172, 65, -13
[17:44:05] [Region Scheduler Thread #1/INFO]: [Portal] [DEBUG] 发现新的框架方块: 172, 64, -13
[17:44:05] [Region Scheduler Thread #1/INFO]: [Portal] [DEBUG] 已发现 20 个框架方块
[17:44:05] [Region Scheduler Thread #1/INFO]: [Portal] [DEBUG] 发现未连接的框架方块: 166, 64, -17
[17:44:05] [Region Scheduler Thread #1/INFO]: [Portal] [DEBUG] 框架验证失败，门框不完整
[17:44:05] [Region Scheduler Thread #1/INFO]: [Portal] [DEBUG] 玩家 cxkcxkckx 使用打火石点击了方块: OBSIDIAN 位置: 172, 64, -11
[17:44:05] [Region Scheduler Thread #1/INFO]: [Portal] [DEBUG] 检测到有效的框架方块
[17:44:05] [Region Scheduler Thread #1/INFO]: [Portal] [DEBUG] 开始检查框架完整性，起始位置: 172, 64, -11
[17:44:05] [Region Scheduler Thread #1/INFO]: [Portal] [DEBUG] 发现新的框架方块: 172, 64, -12
[17:44:05] [Region Scheduler Thread #1/INFO]: [Portal] [DEBUG] 发现新的框架方块: 172, 64, -10
[17:44:05] [Region Scheduler Thread #1/INFO]: [Portal] [DEBUG] 发现新的框架方块: 172, 64, -9
[17:44:05] [Region Scheduler Thread #1/INFO]: [Portal] [DEBUG] 发现新的框架方块: 172, 65, -9
[17:44:05] [Region Scheduler Thread #1/INFO]: [Portal] [DEBUG] 发现新的框架方块: 172, 66, -9
[17:44:05] [Region Scheduler Thread #1/INFO]: [Portal] [DEBUG] 发现新的框架方块: 172, 67, -9
[17:44:05] [Region Scheduler Thread #1/INFO]: [Portal] [DEBUG] 发现新的框架方块: 172, 68, -9
[17:44:05] [Region Scheduler Thread #1/INFO]: [Portal] [DEBUG] 发现新的框架方块: 172, 69, -9
[17:44:05] [Region Scheduler Thread #1/INFO]: [Portal] [DEBUG] 发现新的框架方块: 172, 69, -10
[17:44:05] [Region Scheduler Thread #1/INFO]: [Portal] [DEBUG] 发现新的框架方块: 172, 70, -10
[17:44:05] [Region Scheduler Thread #1/INFO]: [Portal] [DEBUG] 发现新的框架方块: 172, 70, -11
[17:44:05] [Region Scheduler Thread #1/INFO]: [Portal] [DEBUG] 发现新的框架方块: 172, 70, -12
[17:44:05] [Region Scheduler Thread #1/INFO]: [Portal] [DEBUG] 发现新的框架方块: 172, 69, -12
[17:44:05] [Region Scheduler Thread #1/INFO]: [Portal] [DEBUG] 发现新的框架方块: 172, 69, -13
[17:44:05] [Region Scheduler Thread #1/INFO]: [Portal] [DEBUG] 发现新的框架方块: 172, 68, -13
[17:44:05] [Region Scheduler Thread #1/INFO]: [Portal] [DEBUG] 发现新的框架方块: 172, 67, -13
[17:44:05] [Region Scheduler Thread #1/INFO]: [Portal] [DEBUG] 发现新的框架方块: 172, 66, -13
[17:44:05] [Region Scheduler Thread #1/INFO]: [Portal] [DEBUG] 发现新的框架方块: 172, 65, -13
[17:44:05] [Region Scheduler Thread #1/INFO]: [Portal] [DEBUG] 发现新的框架方块: 172, 64, -13
[17:44:05] [Region Scheduler Thread #1/INFO]: [Portal] [DEBUG] 已发现 20 个框架方块
[17:44:05] [Region Scheduler Thread #1/INFO]: [Portal] [DEBUG] 发现未连接的框架方块: 166, 64, -17
[17:44:05] [Region Scheduler Thread #1/INFO]: [Portal] [DEBUG] 框架验证失败，门框不完整
[17:44:05] [Region Scheduler Thread #1/INFO]: [Portal] [DEBUG] 玩家 cxkcxkckx 使用打火石点击了方块: OBSIDIAN 位置: 172, 64, -11
[17:44:05] [Region Scheduler Thread #1/INFO]: [Portal] [DEBUG] 检测到有效的框架方块
[17:44:05] [Region Scheduler Thread #1/INFO]: [Portal] [DEBUG] 开始检查框架完整性，起始位置: 172, 64, -11
[17:44:05] [Region Scheduler Thread #1/INFO]: [Portal] [DEBUG] 发现新的框架方块: 172, 64, -12
[17:44:05] [Region Scheduler Thread #1/INFO]: [Portal] [DEBUG] 发现新的框架方块: 172, 64, -10
[17:44:05] [Region Scheduler Thread #1/INFO]: [Portal] [DEBUG] 发现新的框架方块: 172, 64, -9
[17:44:05] [Region Scheduler Thread #1/INFO]: [Portal] [DEBUG] 发现新的框架方块: 172, 65, -9
[17:44:05] [Region Scheduler Thread #1/INFO]: [Portal] [DEBUG] 发现新的框架方块: 172, 66, -9
[17:44:05] [Region Scheduler Thread #1/INFO]: [Portal] [DEBUG] 发现新的框架方块: 172, 67, -9
[17:44:05] [Region Scheduler Thread #1/INFO]: [Portal] [DEBUG] 发现新的框架方块: 172, 68, -9
[17:44:05] [Region Scheduler Thread #1/INFO]: [Portal] [DEBUG] 发现新的框架方块: 172, 69, -9
[17:44:05] [Region Scheduler Thread #1/INFO]: [Portal] [DEBUG] 发现新的框架方块: 172, 69, -10
[17:44:05] [Region Scheduler Thread #1/INFO]: [Portal] [DEBUG] 发现新的框架方块: 172, 70, -10
[17:44:05] [Region Scheduler Thread #1/INFO]: [Portal] [DEBUG] 发现新的框架方块: 172, 70, -11
[17:44:05] [Region Scheduler Thread #1/INFO]: [Portal] [DEBUG] 发现新的框架方块: 172, 70, -12
[17:44:05] [Region Scheduler Thread #1/INFO]: [Portal] [DEBUG] 发现新的框架方块: 172, 69, -12
[17:44:05] [Region Scheduler Thread #1/INFO]: [Portal] [DEBUG] 发现新的框架方块: 172, 69, -13
[17:44:05] [Region Scheduler Thread #1/INFO]: [Portal] [DEBUG] 发现新的框架方块: 172, 68, -13
[17:44:05] [Region Scheduler Thread #1/INFO]: [Portal] [DEBUG] 发现新的框架方块: 172, 67, -13
[17:44:05] [Region Scheduler Thread #1/INFO]: [Portal] [DEBUG] 发现新的框架方块: 172, 66, -13
[17:44:05] [Region Scheduler Thread #1/INFO]: [Portal] [DEBUG] 发现新的框架方块: 172, 65, -13
[17:44:05] [Region Scheduler Thread #1/INFO]: [Portal] [DEBUG] 发现新的框架方块: 172, 64, -13
[17:44:05] [Region Scheduler Thread #1/INFO]: [Portal] [DEBUG] 已发现 20 个框架方块
[17:44:05] [Region Scheduler Thread #1/INFO]: [Portal] [DEBUG] 发现未连接的框架方块: 166, 64, -17
[17:44:05] [Region Scheduler Thread #1/INFO]: [Portal] [DEBUG] 框架验证失败，门框不完整
[17:44:11] [Region Scheduler Thread #1/INFO]: [Portal] [DEBUG] 玩家 cxkcxkckx 使用打火石点击了方块: OBSIDIAN 位置: 169, 64, -17
[17:44:11] [Region Scheduler Thread #1/INFO]: [Portal] [DEBUG] 检测到有效的框架方块
[17:44:11] [Region Scheduler Thread #1/INFO]: [Portal] [DEBUG] 开始检查框架完整性，起始位置: 169, 64, -17
[17:44:11] [Region Scheduler Thread #1/INFO]: [Portal] [DEBUG] 发现新的框架方块: 168, 64, -17
[17:44:11] [Region Scheduler Thread #1/INFO]: [Portal] [DEBUG] 发现新的框架方块: 170, 64, -17
[17:44:11] [Region Scheduler Thread #1/INFO]: [Portal] [DEBUG] 发现新的框架方块: 171, 64, -17
[17:44:11] [Region Scheduler Thread #1/INFO]: [Portal] [DEBUG] 发现新的框架方块: 171, 65, -17
[17:44:11] [Region Scheduler Thread #1/INFO]: [Portal] [DEBUG] 发现新的框架方块: 171, 66, -17
[17:44:11] [Region Scheduler Thread #1/INFO]: [Portal] [DEBUG] 发现新的框架方块: 171, 67, -17
[17:44:11] [Region Scheduler Thread #1/INFO]: [Portal] [DEBUG] 发现新的框架方块: 171, 68, -17
[17:44:11] [Region Scheduler Thread #1/INFO]: [Portal] [DEBUG] 发现新的框架方块: 170, 68, -17
[17:44:11] [Region Scheduler Thread #1/INFO]: [Portal] [DEBUG] 发现新的框架方块: 170, 69, -17
[17:44:11] [Region Scheduler Thread #1/INFO]: [Portal] [DEBUG] 发现新的框架方块: 170, 70, -17
[17:44:11] [Region Scheduler Thread #1/INFO]: [Portal] [DEBUG] 发现新的框架方块: 169, 70, -17
[17:44:11] [Region Scheduler Thread #1/INFO]: [Portal] [DEBUG] 发现新的框架方块: 168, 70, -17
[17:44:11] [Region Scheduler Thread #1/INFO]: [Portal] [DEBUG] 发现新的框架方块: 167, 70, -17
[17:44:11] [Region Scheduler Thread #1/INFO]: [Portal] [DEBUG] 发现新的框架方块: 167, 69, -17
[17:44:11] [Region Scheduler Thread #1/INFO]: [Portal] [DEBUG] 发现新的框架方块: 166, 69, -17
[17:44:11] [Region Scheduler Thread #1/INFO]: [Portal] [DEBUG] 发现新的框架方块: 166, 68, -17
[17:44:11] [Region Scheduler Thread #1/INFO]: [Portal] [DEBUG] 发现新的框架方块: 166, 67, -17
[17:44:11] [Region Scheduler Thread #1/INFO]: [Portal] [DEBUG] 发现新的框架方块: 166, 66, -17
[17:44:11] [Region Scheduler Thread #1/INFO]: [Portal] [DEBUG] 发现新的框架方块: 166, 65, -17
[17:44:11] [Region Scheduler Thread #1/INFO]: [Portal] [DEBUG] 发现新的框架方块: 166, 64, -17
[17:44:11] [Region Scheduler Thread #1/INFO]: [Portal] [DEBUG] 发现新的框架方块: 167, 64, -17
[17:44:11] [Region Scheduler Thread #1/INFO]: [Portal] [DEBUG] 已发现 22 个框架方块
[17:44:11] [Region Scheduler Thread #1/INFO]: [Portal] [DEBUG] 发现未连接的框架方块: 172, 64, -13
[17:44:11] [Region Scheduler Thread #1/INFO]: [Portal] [DEBUG] 框架验证失败，门框不完整
[17:44:11] [Region Scheduler Thread #1/INFO]: [Portal] [DEBUG] 玩家 cxkcxkckx 使用打火石点击了方块: OBSIDIAN 位置: 169, 64, -17
[17:44:11] [Region Scheduler Thread #1/INFO]: [Portal] [DEBUG] 检测到有效的框架方块
[17:44:11] [Region Scheduler Thread #1/INFO]: [Portal] [DEBUG] 开始检查框架完整性，起始位置: 169, 64, -17
[17:44:11] [Region Scheduler Thread #1/INFO]: [Portal] [DEBUG] 发现新的框架方块: 168, 64, -17
[17:44:11] [Region Scheduler Thread #1/INFO]: [Portal] [DEBUG] 发现新的框架方块: 170, 64, -17
[17:44:11] [Region Scheduler Thread #1/INFO]: [Portal] [DEBUG] 发现新的框架方块: 171, 64, -17
[17:44:11] [Region Scheduler Thread #1/INFO]: [Portal] [DEBUG] 发现新的框架方块: 171, 65, -17
[17:44:11] [Region Scheduler Thread #1/INFO]: [Portal] [DEBUG] 发现新的框架方块: 171, 66, -17
[17:44:11] [Region Scheduler Thread #1/INFO]: [Portal] [DEBUG] 发现新的框架方块: 171, 67, -17
[17:44:11] [Region Scheduler Thread #1/INFO]: [Portal] [DEBUG] 发现新的框架方块: 171, 68, -17
[17:44:11] [Region Scheduler Thread #1/INFO]: [Portal] [DEBUG] 发现新的框架方块: 170, 68, -17
[17:44:11] [Region Scheduler Thread #1/INFO]: [Portal] [DEBUG] 发现新的框架方块: 170, 69, -17
[17:44:11] [Region Scheduler Thread #1/INFO]: [Portal] [DEBUG] 发现新的框架方块: 170, 70, -17
[17:44:11] [Region Scheduler Thread #1/INFO]: [Portal] [DEBUG] 发现新的框架方块: 169, 70, -17
[17:44:11] [Region Scheduler Thread #1/INFO]: [Portal] [DEBUG] 发现新的框架方块: 168, 70, -17
[17:44:11] [Region Scheduler Thread #1/INFO]: [Portal] [DEBUG] 发现新的框架方块: 167, 70, -17
[17:44:11] [Region Scheduler Thread #1/INFO]: [Portal] [DEBUG] 发现新的框架方块: 167, 69, -17
[17:44:11] [Region Scheduler Thread #1/INFO]: [Portal] [DEBUG] 发现新的框架方块: 166, 69, -17
[17:44:11] [Region Scheduler Thread #1/INFO]: [Portal] [DEBUG] 发现新的框架方块: 166, 68, -17
[17:44:11] [Region Scheduler Thread #1/INFO]: [Portal] [DEBUG] 发现新的框架方块: 166, 67, -17
[17:44:11] [Region Scheduler Thread #1/INFO]: [Portal] [DEBUG] 发现新的框架方块: 166, 66, -17
[17:44:11] [Region Scheduler Thread #1/INFO]: [Portal] [DEBUG] 发现新的框架方块: 166, 65, -17
[17:44:11] [Region Scheduler Thread #1/INFO]: [Portal] [DEBUG] 发现新的框架方块: 166, 64, -17
[17:44:11] [Region Scheduler Thread #1/INFO]: [Portal] [DEBUG] 发现新的框架方块: 167, 64, -17
[17:44:11] [Region Scheduler Thread #1/INFO]: [Portal] [DEBUG] 已发现 22 个框架方块
[17:44:11] [Region Scheduler Thread #1/INFO]: [Portal] [DEBUG] 发现未连接的框架方块: 172, 64, -13
[17:44:11] [Region Scheduler Thread #1/INFO]: [Portal] [DEBUG] 框架验证失败，门框不完整
[17:44:11] [Region Scheduler Thread #1/INFO]: [Portal] [DEBUG] 玩家 cxkcxkckx 使用打火石点击了方块: OBSIDIAN 位置: 169, 64, -17
[17:44:11] [Region Scheduler Thread #1/INFO]: [Portal] [DEBUG] 检测到有效的框架方块
[17:44:11] [Region Scheduler Thread #1/INFO]: [Portal] [DEBUG] 开始检查框架完整性，起始位置: 169, 64, -17
[17:44:11] [Region Scheduler Thread #1/INFO]: [Portal] [DEBUG] 发现新的框架方块: 168, 64, -17
[17:44:11] [Region Scheduler Thread #1/INFO]: [Portal] [DEBUG] 发现新的框架方块: 170, 64, -17
[17:44:11] [Region Scheduler Thread #1/INFO]: [Portal] [DEBUG] 发现新的框架方块: 171, 64, -17
[17:44:11] [Region Scheduler Thread #1/INFO]: [Portal] [DEBUG] 发现新的框架方块: 171, 65, -17
[17:44:11] [Region Scheduler Thread #1/INFO]: [Portal] [DEBUG] 发现新的框架方块: 171, 66, -17
[17:44:11] [Region Scheduler Thread #1/INFO]: [Portal] [DEBUG] 发现新的框架方块: 171, 67, -17
[17:44:11] [Region Scheduler Thread #1/INFO]: [Portal] [DEBUG] 发现新的框架方块: 171, 68, -17
[17:44:11] [Region Scheduler Thread #1/INFO]: [Portal] [DEBUG] 发现新的框架方块: 170, 68, -17
[17:44:11] [Region Scheduler Thread #1/INFO]: [Portal] [DEBUG] 发现新的框架方块: 170, 69, -17
[17:44:11] [Region Scheduler Thread #1/INFO]: [Portal] [DEBUG] 发现新的框架方块: 170, 70, -17
[17:44:11] [Region Scheduler Thread #1/INFO]: [Portal] [DEBUG] 发现新的框架方块: 169, 70, -17
[17:44:11] [Region Scheduler Thread #1/INFO]: [Portal] [DEBUG] 发现新的框架方块: 168, 70, -17
[17:44:11] [Region Scheduler Thread #1/INFO]: [Portal] [DEBUG] 发现新的框架方块: 167, 70, -17
[17:44:11] [Region Scheduler Thread #1/INFO]: [Portal] [DEBUG] 发现新的框架方块: 167, 69, -17
[17:44:11] [Region Scheduler Thread #1/INFO]: [Portal] [DEBUG] 发现新的框架方块: 166, 69, -17
[17:44:11] [Region Scheduler Thread #1/INFO]: [Portal] [DEBUG] 发现新的框架方块: 166, 68, -17
[17:44:11] [Region Scheduler Thread #1/INFO]: [Portal] [DEBUG] 发现新的框架方块: 166, 67, -17
[17:44:11] [Region Scheduler Thread #1/INFO]: [Portal] [DEBUG] 发现新的框架方块: 166, 66, -17
[17:44:11] [Region Scheduler Thread #1/INFO]: [Portal] [DEBUG] 发现新的框架方块: 166, 65, -17
[17:44:11] [Region Scheduler Thread #1/INFO]: [Portal] [DEBUG] 发现新的框架方块: 166, 64, -17
[17:44:11] [Region Scheduler Thread #1/INFO]: [Portal] [DEBUG] 发现新的框架方块: 167, 64, -17
[17:44:11] [Region Scheduler Thread #1/INFO]: [Portal] [DEBUG] 已发现 22 个框架方块
[17:44:11] [Region Scheduler Thread #1/INFO]: [Portal] [DEBUG] 发现未连接的框架方块: 172, 64, -13
[17:44:11] [Region Scheduler Thread #1/INFO]: [Portal] [DEBUG] 框架验证失败，门框不完整
[17:44:11] [Region Scheduler Thread #0/INFO]: [Portal] [DEBUG] 玩家 cxkcxkckx 使用打火石点击了方块: OBSIDIAN 位置: 170, 64, -17
[17:44:11] [Region Scheduler Thread #0/INFO]: [Portal] [DEBUG] 检测到有效的框架方块
[17:44:11] [Region Scheduler Thread #0/INFO]: [Portal] [DEBUG] 开始检查框架完整性，起始位置: 170, 64, -17
[17:44:11] [Region Scheduler Thread #0/INFO]: [Portal] [DEBUG] 发现新的框架方块: 169, 64, -17
[17:44:11] [Region Scheduler Thread #0/INFO]: [Portal] [DEBUG] 发现新的框架方块: 171, 64, -17
[17:44:11] [Region Scheduler Thread #0/INFO]: [Portal] [DEBUG] 发现新的框架方块: 171, 65, -17
[17:44:11] [Region Scheduler Thread #0/INFO]: [Portal] [DEBUG] 发现新的框架方块: 171, 66, -17
[17:44:11] [Region Scheduler Thread #0/INFO]: [Portal] [DEBUG] 发现新的框架方块: 171, 67, -17
[17:44:11] [Region Scheduler Thread #0/INFO]: [Portal] [DEBUG] 发现新的框架方块: 171, 68, -17
[17:44:11] [Region Scheduler Thread #0/INFO]: [Portal] [DEBUG] 发现新的框架方块: 170, 68, -17
[17:44:11] [Region Scheduler Thread #0/INFO]: [Portal] [DEBUG] 发现新的框架方块: 170, 69, -17
[17:44:11] [Region Scheduler Thread #0/INFO]: [Portal] [DEBUG] 发现新的框架方块: 170, 70, -17
[17:44:11] [Region Scheduler Thread #0/INFO]: [Portal] [DEBUG] 发现新的框架方块: 169, 70, -17
[17:44:11] [Region Scheduler Thread #0/INFO]: [Portal] [DEBUG] 发现新的框架方块: 168, 70, -17
[17:44:11] [Region Scheduler Thread #0/INFO]: [Portal] [DEBUG] 发现新的框架方块: 167, 70, -17
[17:44:11] [Region Scheduler Thread #0/INFO]: [Portal] [DEBUG] 发现新的框架方块: 167, 69, -17
[17:44:11] [Region Scheduler Thread #0/INFO]: [Portal] [DEBUG] 发现新的框架方块: 166, 69, -17
[17:44:11] [Region Scheduler Thread #0/INFO]: [Portal] [DEBUG] 发现新的框架方块: 166, 68, -17
[17:44:11] [Region Scheduler Thread #0/INFO]: [Portal] [DEBUG] 发现新的框架方块: 166, 67, -17
[17:44:11] [Region Scheduler Thread #0/INFO]: [Portal] [DEBUG] 发现新的框架方块: 166, 66, -17
[17:44:11] [Region Scheduler Thread #0/INFO]: [Portal] [DEBUG] 发现新的框架方块: 166, 65, -17
[17:44:11] [Region Scheduler Thread #0/INFO]: [Portal] [DEBUG] 发现新的框架方块: 166, 64, -17
[17:44:11] [Region Scheduler Thread #0/INFO]: [Portal] [DEBUG] 发现新的框架方块: 167, 64, -17
[17:44:11] [Region Scheduler Thread #0/INFO]: [Portal] [DEBUG] 发现新的框架方块: 168, 64, -17
[17:44:11] [Region Scheduler Thread #0/INFO]: [Portal] [DEBUG] 已发现 22 个框架方块
[17:44:11] [Region Scheduler Thread #0/INFO]: [Portal] [DEBUG] 发现未连接的框架方块: 172, 64, -13
[17:44:11] [Region Scheduler Thread #0/INFO]: [Portal] [DEBUG] 框架验证失败，门框不完整
[17:44:11] [Region Scheduler Thread #0/INFO]: [Portal] [DEBUG] 玩家 cxkcxkckx 使用打火石点击了方块: OBSIDIAN 位置: 170, 64, -17
[17:44:11] [Region Scheduler Thread #0/INFO]: [Portal] [DEBUG] 检测到有效的框架方块
[17:44:11] [Region Scheduler Thread #0/INFO]: [Portal] [DEBUG] 开始检查框架完整性，起始位置: 170, 64, -17
[17:44:11] [Region Scheduler Thread #0/INFO]: [Portal] [DEBUG] 发现新的框架方块: 169, 64, -17
[17:44:11] [Region Scheduler Thread #0/INFO]: [Portal] [DEBUG] 发现新的框架方块: 171, 64, -17
[17:44:11] [Region Scheduler Thread #0/INFO]: [Portal] [DEBUG] 发现新的框架方块: 171, 65, -17
[17:44:11] [Region Scheduler Thread #0/INFO]: [Portal] [DEBUG] 发现新的框架方块: 171, 66, -17
[17:44:11] [Region Scheduler Thread #0/INFO]: [Portal] [DEBUG] 发现新的框架方块: 171, 67, -17
[17:44:11] [Region Scheduler Thread #0/INFO]: [Portal] [DEBUG] 发现新的框架方块: 171, 68, -17
[17:44:11] [Region Scheduler Thread #0/INFO]: [Portal] [DEBUG] 发现新的框架方块: 170, 68, -17
[17:44:11] [Region Scheduler Thread #0/INFO]: [Portal] [DEBUG] 发现新的框架方块: 170, 69, -17
[17:44:11] [Region Scheduler Thread #0/INFO]: [Portal] [DEBUG] 发现新的框架方块: 170, 70, -17
[17:44:11] [Region Scheduler Thread #0/INFO]: [Portal] [DEBUG] 发现新的框架方块: 169, 70, -17
[17:44:11] [Region Scheduler Thread #0/INFO]: [Portal] [DEBUG] 发现新的框架方块: 168, 70, -17
[17:44:11] [Region Scheduler Thread #0/INFO]: [Portal] [DEBUG] 发现新的框架方块: 167, 70, -17
[17:44:11] [Region Scheduler Thread #0/INFO]: [Portal] [DEBUG] 发现新的框架方块: 167, 69, -17
[17:44:11] [Region Scheduler Thread #0/INFO]: [Portal] [DEBUG] 发现新的框架方块: 166, 69, -17
[17:44:11] [Region Scheduler Thread #0/INFO]: [Portal] [DEBUG] 发现新的框架方块: 166, 68, -17
[17:44:11] [Region Scheduler Thread #0/INFO]: [Portal] [DEBUG] 发现新的框架方块: 166, 67, -17
[17:44:11] [Region Scheduler Thread #0/INFO]: [Portal] [DEBUG] 发现新的框架方块: 166, 66, -17
[17:44:11] [Region Scheduler Thread #0/INFO]: [Portal] [DEBUG] 发现新的框架方块: 166, 65, -17
[17:44:11] [Region Scheduler Thread #0/INFO]: [Portal] [DEBUG] 发现新的框架方块: 166, 64, -17
[17:44:11] [Region Scheduler Thread #0/INFO]: [Portal] [DEBUG] 发现新的框架方块: 167, 64, -17
[17:44:11] [Region Scheduler Thread #0/INFO]: [Portal] [DEBUG] 发现新的框架方块: 168, 64, -17
[17:44:11] [Region Scheduler Thread #0/INFO]: [Portal] [DEBUG] 已发现 22 个框架方块
[17:44:11] [Region Scheduler Thread #0/INFO]: [Portal] [DEBUG] 发现未连接的框架方块: 172, 64, -13
[17:44:11] [Region Scheduler Thread #0/INFO]: [Portal] [DEBUG] 框架验证失败，门框不完整
[17:44:11] [Region Scheduler Thread #0/INFO]: [Portal] [DEBUG] 玩家 cxkcxkckx 使用打火石点击了方块: OBSIDIAN 位置: 170, 64, -17
[17:44:11] [Region Scheduler Thread #0/INFO]: [Portal] [DEBUG] 检测到有效的框架方块
[17:44:11] [Region Scheduler Thread #0/INFO]: [Portal] [DEBUG] 开始检查框架完整性，起始位置: 170, 64, -17
[17:44:11] [Region Scheduler Thread #0/INFO]: [Portal] [DEBUG] 发现新的框架方块: 169, 64, -17
[17:44:11] [Region Scheduler Thread #0/INFO]: [Portal] [DEBUG] 发现新的框架方块: 171, 64, -17
[17:44:11] [Region Scheduler Thread #0/INFO]: [Portal] [DEBUG] 发现新的框架方块: 171, 65, -17
[17:44:11] [Region Scheduler Thread #0/INFO]: [Portal] [DEBUG] 发现新的框架方块: 171, 66, -17
[17:44:11] [Region Scheduler Thread #0/INFO]: [Portal] [DEBUG] 发现新的框架方块: 171, 67, -17
[17:44:11] [Region Scheduler Thread #0/INFO]: [Portal] [DEBUG] 发现新的框架方块: 171, 68, -17
[17:44:11] [Region Scheduler Thread #0/INFO]: [Portal] [DEBUG] 发现新的框架方块: 170, 68, -17
[17:44:11] [Region Scheduler Thread #0/INFO]: [Portal] [DEBUG] 发现新的框架方块: 170, 69, -17
[17:44:11] [Region Scheduler Thread #0/INFO]: [Portal] [DEBUG] 发现新的框架方块: 170, 70, -17
[17:44:11] [Region Scheduler Thread #0/INFO]: [Portal] [DEBUG] 发现新的框架方块: 169, 70, -17
[17:44:11] [Region Scheduler Thread #0/INFO]: [Portal] [DEBUG] 发现新的框架方块: 168, 70, -17
[17:44:11] [Region Scheduler Thread #0/INFO]: [Portal] [DEBUG] 发现新的框架方块: 167, 70, -17
[17:44:11] [Region Scheduler Thread #0/INFO]: [Portal] [DEBUG] 发现新的框架方块: 167, 69, -17
[17:44:11] [Region Scheduler Thread #0/INFO]: [Portal] [DEBUG] 发现新的框架方块: 166, 69, -17
[17:44:11] [Region Scheduler Thread #0/INFO]: [Portal] [DEBUG] 发现新的框架方块: 166, 68, -17
[17:44:11] [Region Scheduler Thread #0/INFO]: [Portal] [DEBUG] 发现新的框架方块: 166, 67, -17
[17:44:11] [Region Scheduler Thread #0/INFO]: [Portal] [DEBUG] 发现新的框架方块: 166, 66, -17
[17:44:11] [Region Scheduler Thread #0/INFO]: [Portal] [DEBUG] 发现新的框架方块: 166, 65, -17
[17:44:11] [Region Scheduler Thread #0/INFO]: [Portal] [DEBUG] 发现新的框架方块: 166, 64, -17
[17:44:11] [Region Scheduler Thread #0/INFO]: [Portal] [DEBUG] 发现新的框架方块: 167, 64, -17
[17:44:11] [Region Scheduler Thread #0/INFO]: [Portal] [DEBUG] 发现新的框架方块: 168, 64, -17
[17:44:11] [Region Scheduler Thread #0/INFO]: [Portal] [DEBUG] 已发现 22 个框架方块
[17:44:11] [Region Scheduler Thread #0/INFO]: [Portal] [DEBUG] 发现未连接的框架方块: 172, 64, -13
[17:44:11] [Region Scheduler Thread #0/INFO]: [Portal] [DEBUG] 框架验证失败，门框不完整
[17:44:29] [Region Scheduler Thread #1/INFO]: [Portal] [DEBUG] 玩家 cxkcxkckx 使用打火石点击了方块: OBSIDIAN 位置: 168, 64, -17
[17:44:29] [Region Scheduler Thread #1/INFO]: [Portal] [DEBUG] 检测到有效的框架方块
[17:44:29] [Region Scheduler Thread #1/INFO]: [Portal] [DEBUG] 开始检查框架完整性，起始位置: 168, 64, -17
[17:44:29] [Region Scheduler Thread #1/INFO]: [Portal] [DEBUG] 发现新的框架方块: 167, 64, -17
[17:44:29] [Region Scheduler Thread #1/INFO]: [Portal] [DEBUG] 发现新的框架方块: 169, 64, -17
[17:44:29] [Region Scheduler Thread #1/INFO]: [Portal] [DEBUG] 发现新的框架方块: 170, 64, -17
[17:44:29] [Region Scheduler Thread #1/INFO]: [Portal] [DEBUG] 发现新的框架方块: 171, 64, -17
[17:44:29] [Region Scheduler Thread #1/INFO]: [Portal] [DEBUG] 发现新的框架方块: 171, 65, -17
[17:44:29] [Region Scheduler Thread #1/INFO]: [Portal] [DEBUG] 发现新的框架方块: 171, 66, -17
[17:44:29] [Region Scheduler Thread #1/INFO]: [Portal] [DEBUG] 发现新的框架方块: 171, 67, -17
[17:44:29] [Region Scheduler Thread #1/INFO]: [Portal] [DEBUG] 发现新的框架方块: 171, 68, -17
[17:44:29] [Region Scheduler Thread #1/INFO]: [Portal] [DEBUG] 发现新的框架方块: 170, 68, -17
[17:44:29] [Region Scheduler Thread #1/INFO]: [Portal] [DEBUG] 发现新的框架方块: 169, 68, -17
[17:44:29] [Region Scheduler Thread #1/INFO]: [Portal] [DEBUG] 发现新的框架方块: 168, 68, -17
[17:44:29] [Region Scheduler Thread #1/INFO]: [Portal] [DEBUG] 发现新的框架方块: 167, 68, -17
[17:44:29] [Region Scheduler Thread #1/INFO]: [Portal] [DEBUG] 发现新的框架方块: 166, 68, -17
[17:44:29] [Region Scheduler Thread #1/INFO]: [Portal] [DEBUG] 发现新的框架方块: 166, 67, -17
[17:44:29] [Region Scheduler Thread #1/INFO]: [Portal] [DEBUG] 发现新的框架方块: 166, 66, -17
[17:44:29] [Region Scheduler Thread #1/INFO]: [Portal] [DEBUG] 发现新的框架方块: 166, 65, -17
[17:44:29] [Region Scheduler Thread #1/INFO]: [Portal] [DEBUG] 发现新的框架方块: 166, 64, -17
[17:44:29] [Region Scheduler Thread #1/INFO]: [Portal] [DEBUG] 已发现 18 个框架方块
[17:44:29] [Region Scheduler Thread #1/INFO]: [Portal] [DEBUG] 发现未连接的框架方块: 172, 64, -13
[17:44:29] [Region Scheduler Thread #1/INFO]: [Portal] [DEBUG] 框架验证失败，门框不完整
[17:44:29] [Region Scheduler Thread #1/INFO]: [Portal] [DEBUG] 玩家 cxkcxkckx 使用打火石点击了方块: OBSIDIAN 位置: 168, 64, -17
[17:44:29] [Region Scheduler Thread #1/INFO]: [Portal] [DEBUG] 检测到有效的框架方块
[17:44:29] [Region Scheduler Thread #1/INFO]: [Portal] [DEBUG] 开始检查框架完整性，起始位置: 168, 64, -17
[17:44:29] [Region Scheduler Thread #1/INFO]: [Portal] [DEBUG] 发现新的框架方块: 167, 64, -17
[17:44:29] [Region Scheduler Thread #1/INFO]: [Portal] [DEBUG] 发现新的框架方块: 169, 64, -17
[17:44:29] [Region Scheduler Thread #1/INFO]: [Portal] [DEBUG] 发现新的框架方块: 170, 64, -17
[17:44:29] [Region Scheduler Thread #1/INFO]: [Portal] [DEBUG] 发现新的框架方块: 171, 64, -17
[17:44:29] [Region Scheduler Thread #1/INFO]: [Portal] [DEBUG] 发现新的框架方块: 171, 65, -17
[17:44:29] [Region Scheduler Thread #1/INFO]: [Portal] [DEBUG] 发现新的框架方块: 171, 66, -17
[17:44:29] [Region Scheduler Thread #1/INFO]: [Portal] [DEBUG] 发现新的框架方块: 171, 67, -17
[17:44:29] [Region Scheduler Thread #1/INFO]: [Portal] [DEBUG] 发现新的框架方块: 171, 68, -17
[17:44:29] [Region Scheduler Thread #1/INFO]: [Portal] [DEBUG] 发现新的框架方块: 170, 68, -17
[17:44:29] [Region Scheduler Thread #1/INFO]: [Portal] [DEBUG] 发现新的框架方块: 169, 68, -17
[17:44:29] [Region Scheduler Thread #1/INFO]: [Portal] [DEBUG] 发现新的框架方块: 168, 68, -17
[17:44:29] [Region Scheduler Thread #1/INFO]: [Portal] [DEBUG] 发现新的框架方块: 167, 68, -17
[17:44:29] [Region Scheduler Thread #1/INFO]: [Portal] [DEBUG] 发现新的框架方块: 166, 68, -17
[17:44:29] [Region Scheduler Thread #1/INFO]: [Portal] [DEBUG] 发现新的框架方块: 166, 67, -17
[17:44:29] [Region Scheduler Thread #1/INFO]: [Portal] [DEBUG] 发现新的框架方块: 166, 66, -17
[17:44:29] [Region Scheduler Thread #1/INFO]: [Portal] [DEBUG] 发现新的框架方块: 166, 65, -17
[17:44:29] [Region Scheduler Thread #1/INFO]: [Portal] [DEBUG] 发现新的框架方块: 166, 64, -17
[17:44:29] [Region Scheduler Thread #1/INFO]: [Portal] [DEBUG] 已发现 18 个框架方块
[17:44:29] [Region Scheduler Thread #1/INFO]: [Portal] [DEBUG] 发现未连接的框架方块: 172, 64, -13
[17:44:29] [Region Scheduler Thread #1/INFO]: [Portal] [DEBUG] 框架验证失败，门框不完整
[17:44:29] [Region Scheduler Thread #1/INFO]: [Portal] [DEBUG] 玩家 cxkcxkckx 使用打火石点击了方块: OBSIDIAN 位置: 168, 64, -17
[17:44:29] [Region Scheduler Thread #1/INFO]: [Portal] [DEBUG] 检测到有效的框架方块
[17:44:29] [Region Scheduler Thread #1/INFO]: [Portal] [DEBUG] 开始检查框架完整性，起始位置: 168, 64, -17
[17:44:29] [Region Scheduler Thread #1/INFO]: [Portal] [DEBUG] 发现新的框架方块: 167, 64, -17
[17:44:29] [Region Scheduler Thread #1/INFO]: [Portal] [DEBUG] 发现新的框架方块: 169, 64, -17
[17:44:29] [Region Scheduler Thread #1/INFO]: [Portal] [DEBUG] 发现新的框架方块: 170, 64, -17
[17:44:29] [Region Scheduler Thread #1/INFO]: [Portal] [DEBUG] 发现新的框架方块: 171, 64, -17
[17:44:29] [Region Scheduler Thread #1/INFO]: [Portal] [DEBUG] 发现新的框架方块: 171, 65, -17
[17:44:29] [Region Scheduler Thread #1/INFO]: [Portal] [DEBUG] 发现新的框架方块: 171, 66, -17
[17:44:29] [Region Scheduler Thread #1/INFO]: [Portal] [DEBUG] 发现新的框架方块: 171, 67, -17
[17:44:29] [Region Scheduler Thread #1/INFO]: [Portal] [DEBUG] 发现新的框架方块: 171, 68, -17
[17:44:29] [Region Scheduler Thread #1/INFO]: [Portal] [DEBUG] 发现新的框架方块: 170, 68, -17
[17:44:29] [Region Scheduler Thread #1/INFO]: [Portal] [DEBUG] 发现新的框架方块: 169, 68, -17
[17:44:29] [Region Scheduler Thread #1/INFO]: [Portal] [DEBUG] 发现新的框架方块: 168, 68, -17
[17:44:29] [Region Scheduler Thread #1/INFO]: [Portal] [DEBUG] 发现新的框架方块: 167, 68, -17
[17:44:29] [Region Scheduler Thread #1/INFO]: [Portal] [DEBUG] 发现新的框架方块: 166, 68, -17
[17:44:29] [Region Scheduler Thread #1/INFO]: [Portal] [DEBUG] 发现新的框架方块: 166, 67, -17
[17:44:29] [Region Scheduler Thread #1/INFO]: [Portal] [DEBUG] 发现新的框架方块: 166, 66, -17
[17:44:29] [Region Scheduler Thread #1/INFO]: [Portal] [DEBUG] 发现新的框架方块: 166, 65, -17
[17:44:29] [Region Scheduler Thread #1/INFO]: [Portal] [DEBUG] 发现新的框架方块: 166, 64, -17
[17:44:29] [Region Scheduler Thread #1/INFO]: [Portal] [DEBUG] 已发现 18 个框架方块
[17:44:29] [Region Scheduler Thread #1/INFO]: [Portal] [DEBUG] 发现未连接的框架方块: 172, 64, -13
[17:44:29] [Region Scheduler Thread #1/INFO]: [Portal] [DEBUG] 框架验证失败，门框不完整
[17:44:34] [Region Scheduler Thread #1/INFO]: [Portal] [DEBUG] 玩家 cxkcxkckx 使用打火石点击了方块: OBSIDIAN 位置: 168, 64, -17
[17:44:34] [Region Scheduler Thread #1/INFO]: [Portal] [DEBUG] 检测到有效的框架方块
[17:44:34] [Region Scheduler Thread #1/INFO]: [Portal] [DEBUG] 开始检查框架完整性，起始位置: 168, 64, -17
[17:44:34] [Region Scheduler Thread #1/INFO]: [Portal] [DEBUG] 发现新的框架方块: 167, 64, -17
[17:44:34] [Region Scheduler Thread #1/INFO]: [Portal] [DEBUG] 发现新的框架方块: 168, 64, -18
[17:44:34] [Region Scheduler Thread #1/INFO]: [Portal] [DEBUG] 发现新的框架方块: 169, 64, -17
[17:44:34] [Region Scheduler Thread #1/INFO]: [Portal] [DEBUG] 发现新的框架方块: 170, 64, -17
[17:44:34] [Region Scheduler Thread #1/INFO]: [Portal] [DEBUG] 发现新的框架方块: 171, 64, -17
[17:44:34] [Region Scheduler Thread #1/INFO]: [Portal] [DEBUG] 发现新的框架方块: 171, 65, -17
[17:44:34] [Region Scheduler Thread #1/INFO]: [Portal] [DEBUG] 发现新的框架方块: 171, 66, -17
[17:44:34] [Region Scheduler Thread #1/INFO]: [Portal] [DEBUG] 发现新的框架方块: 171, 67, -17
[17:44:34] [Region Scheduler Thread #1/INFO]: [Portal] [DEBUG] 发现新的框架方块: 171, 68, -17
[17:44:34] [Region Scheduler Thread #1/INFO]: [Portal] [DEBUG] 发现新的框架方块: 170, 68, -17
[17:44:34] [Region Scheduler Thread #1/INFO]: [Portal] [DEBUG] 发现新的框架方块: 169, 68, -17
[17:44:34] [Region Scheduler Thread #1/INFO]: [Portal] [DEBUG] 发现新的框架方块: 168, 68, -17
[17:44:34] [Region Scheduler Thread #1/INFO]: [Portal] [DEBUG] 发现新的框架方块: 167, 68, -17
[17:44:34] [Region Scheduler Thread #1/INFO]: [Portal] [DEBUG] 发现新的框架方块: 166, 68, -17
[17:44:34] [Region Scheduler Thread #1/INFO]: [Portal] [DEBUG] 发现新的框架方块: 166, 67, -17
[17:44:34] [Region Scheduler Thread #1/INFO]: [Portal] [DEBUG] 发现新的框架方块: 166, 66, -17
[17:44:34] [Region Scheduler Thread #1/INFO]: [Portal] [DEBUG] 发现新的框架方块: 166, 65, -17
[17:44:34] [Region Scheduler Thread #1/INFO]: [Portal] [DEBUG] 发现新的框架方块: 166, 64, -17
[17:44:34] [Region Scheduler Thread #1/INFO]: [Portal] [DEBUG] 已发现 19 个框架方块
[17:44:34] [Region Scheduler Thread #1/INFO]: [Portal] [DEBUG] 发现未连接的框架方块: 172, 64, -13
[17:44:34] [Region Scheduler Thread #1/INFO]: [Portal] [DEBUG] 框架验证失败，门框不完整
[17:44:34] [Region Scheduler Thread #1/INFO]: [Portal] [DEBUG] 玩家 cxkcxkckx 使用打火石点击了方块: OBSIDIAN 位置: 168, 64, -17
[17:44:34] [Region Scheduler Thread #1/INFO]: [Portal] [DEBUG] 检测到有效的框架方块
[17:44:34] [Region Scheduler Thread #1/INFO]: [Portal] [DEBUG] 开始检查框架完整性，起始位置: 168, 64, -17
[17:44:34] [Region Scheduler Thread #1/INFO]: [Portal] [DEBUG] 发现新的框架方块: 167, 64, -17
[17:44:34] [Region Scheduler Thread #1/INFO]: [Portal] [DEBUG] 发现新的框架方块: 168, 64, -18
[17:44:34] [Region Scheduler Thread #1/INFO]: [Portal] [DEBUG] 发现新的框架方块: 169, 64, -17
[17:44:34] [Region Scheduler Thread #1/INFO]: [Portal] [DEBUG] 发现新的框架方块: 170, 64, -17
[17:44:34] [Region Scheduler Thread #1/INFO]: [Portal] [DEBUG] 发现新的框架方块: 171, 64, -17
[17:44:34] [Region Scheduler Thread #1/INFO]: [Portal] [DEBUG] 发现新的框架方块: 171, 65, -17
[17:44:34] [Region Scheduler Thread #1/INFO]: [Portal] [DEBUG] 发现新的框架方块: 171, 66, -17
[17:44:34] [Region Scheduler Thread #1/INFO]: [Portal] [DEBUG] 发现新的框架方块: 171, 67, -17
[17:44:34] [Region Scheduler Thread #1/INFO]: [Portal] [DEBUG] 发现新的框架方块: 171, 68, -17
[17:44:34] [Region Scheduler Thread #1/INFO]: [Portal] [DEBUG] 发现新的框架方块: 170, 68, -17
[17:44:34] [Region Scheduler Thread #1/INFO]: [Portal] [DEBUG] 发现新的框架方块: 169, 68, -17
[17:44:34] [Region Scheduler Thread #1/INFO]: [Portal] [DEBUG] 发现新的框架方块: 168, 68, -17
[17:44:34] [Region Scheduler Thread #1/INFO]: [Portal] [DEBUG] 发现新的框架方块: 167, 68, -17
[17:44:34] [Region Scheduler Thread #1/INFO]: [Portal] [DEBUG] 发现新的框架方块: 166, 68, -17
[17:44:34] [Region Scheduler Thread #1/INFO]: [Portal] [DEBUG] 发现新的框架方块: 166, 67, -17
[17:44:34] [Region Scheduler Thread #1/INFO]: [Portal] [DEBUG] 发现新的框架方块: 166, 66, -17
[17:44:34] [Region Scheduler Thread #1/INFO]: [Portal] [DEBUG] 发现新的框架方块: 166, 65, -17
[17:44:34] [Region Scheduler Thread #1/INFO]: [Portal] [DEBUG] 发现新的框架方块: 166, 64, -17
[17:44:34] [Region Scheduler Thread #1/INFO]: [Portal] [DEBUG] 已发现 19 个框架方块
[17:44:34] [Region Scheduler Thread #1/INFO]: [Portal] [DEBUG] 发现未连接的框架方块: 172, 64, -13
[17:44:34] [Region Scheduler Thread #1/INFO]: [Portal] [DEBUG] 框架验证失败，门框不完整
[17:44:34] [Region Scheduler Thread #1/INFO]: [Portal] [DEBUG] 玩家 cxkcxkckx 使用打火石点击了方块: OBSIDIAN 位置: 168, 64, -17
[17:44:34] [Region Scheduler Thread #1/INFO]: [Portal] [DEBUG] 检测到有效的框架方块
[17:44:34] [Region Scheduler Thread #1/INFO]: [Portal] [DEBUG] 开始检查框架完整性，起始位置: 168, 64, -17
[17:44:34] [Region Scheduler Thread #1/INFO]: [Portal] [DEBUG] 发现新的框架方块: 167, 64, -17
[17:44:34] [Region Scheduler Thread #1/INFO]: [Portal] [DEBUG] 发现新的框架方块: 168, 64, -18
[17:44:34] [Region Scheduler Thread #1/INFO]: [Portal] [DEBUG] 发现新的框架方块: 169, 64, -17
[17:44:34] [Region Scheduler Thread #1/INFO]: [Portal] [DEBUG] 发现新的框架方块: 170, 64, -17
[17:44:34] [Region Scheduler Thread #1/INFO]: [Portal] [DEBUG] 发现新的框架方块: 171, 64, -17
[17:44:34] [Region Scheduler Thread #1/INFO]: [Portal] [DEBUG] 发现新的框架方块: 171, 65, -17
[17:44:34] [Region Scheduler Thread #1/INFO]: [Portal] [DEBUG] 发现新的框架方块: 171, 66, -17
[17:44:34] [Region Scheduler Thread #1/INFO]: [Portal] [DEBUG] 发现新的框架方块: 171, 67, -17
[17:44:34] [Region Scheduler Thread #1/INFO]: [Portal] [DEBUG] 发现新的框架方块: 171, 68, -17
[17:44:34] [Region Scheduler Thread #1/INFO]: [Portal] [DEBUG] 发现新的框架方块: 170, 68, -17
[17:44:34] [Region Scheduler Thread #1/INFO]: [Portal] [DEBUG] 发现新的框架方块: 169, 68, -17
[17:44:34] [Region Scheduler Thread #1/INFO]: [Portal] [DEBUG] 发现新的框架方块: 168, 68, -17
[17:44:34] [Region Scheduler Thread #1/INFO]: [Portal] [DEBUG] 发现新的框架方块: 167, 68, -17
[17:44:34] [Region Scheduler Thread #1/INFO]: [Portal] [DEBUG] 发现新的框架方块: 166, 68, -17
[17:44:34] [Region Scheduler Thread #1/INFO]: [Portal] [DEBUG] 发现新的框架方块: 166, 67, -17
[17:44:34] [Region Scheduler Thread #1/INFO]: [Portal] [DEBUG] 发现新的框架方块: 166, 66, -17
[17:44:34] [Region Scheduler Thread #1/INFO]: [Portal] [DEBUG] 发现新的框架方块: 166, 65, -17
[17:44:34] [Region Scheduler Thread #1/INFO]: [Portal] [DEBUG] 发现新的框架方块: 166, 64, -17
[17:44:34] [Region Scheduler Thread #1/INFO]: [Portal] [DEBUG] 已发现 19 个框架方块
[17:44:34] [Region Scheduler Thread #1/INFO]: [Portal] [DEBUG] 发现未连接的框架方块: 172, 64, -13
[17:44:34] [Region Scheduler Thread #1/INFO]: [Portal] [DEBUG] 框架验证失败，门框不完整
[17:44:42] [Region Scheduler Thread #1/INFO]: cxkcxkckx lost connection: Disconnected
[17:44:42] [Region Scheduler Thread #1/INFO]: cxkcxkckx left the game
